[15:13:54] [ServerMain/INFO]: Building unoptimized datafixer
[15:13:56] [ServerMain/INFO]: Environment: authHost='https://authserver.mojang.com', accountsHost='https://api.mojang.com', sessionHost='https://sessionserver.mojang.com', servicesHost='https://api.minecraftservices.com', name='PROD'
[15:13:58] [ServerMain/INFO]: Loaded 7 recipes
[15:13:58] [ServerMain/INFO]: Loaded 1180 advancements
[15:13:59] [Server thread/INFO]: Starting minecraft server version 23w07a
[15:13:59] [Server thread/INFO]: Loading properties
[15:13:59] [Server thread/INFO]: Default game type: SURVIVAL
[15:13:59] [Server thread/INFO]: Generating keypair
[15:13:59] [Server thread/INFO]: Starting Minecraft server on *:25565
[15:13:59] [Server thread/INFO]: Using epoll channel type
[15:13:59] [Server thread/WARN]: **** SERVER IS RUNNING IN OFFLINE/INSECURE MODE!
[15:13:59] [Server thread/WARN]: The server will make no attempt to authenticate usernames. Beware.
[15:13:59] [Server thread/WARN]: While this makes the game possible to play without internet access, it also opens up the ability for hackers to connect with any username they choose.
[15:13:59] [Server thread/WARN]: To change this, set "online-mode" to "true" in the server.properties file.
[15:13:59] [Server thread/INFO]: Preparing level "world"
[15:14:02] [Server thread/INFO]: Preparing start region for dimension minecraft:overworld
[15:14:07] [Worker-Main-2/INFO]: Preparing spawn area: 0%
[15:14:07] [Worker-Main-2/INFO]: Preparing spawn area: 0%
[15:14:07] [Worker-Main-1/INFO]: Preparing spawn area: 0%
[15:14:07] [Worker-Main-1/INFO]: Preparing spawn area: 0%
[15:14:07] [Worker-Main-1/INFO]: Preparing spawn area: 0%
[15:14:07] [Worker-Main-3/INFO]: Preparing spawn area: 0%
[15:14:07] [Worker-Main-1/INFO]: Preparing spawn area: 0%
[15:14:07] [Worker-Main-1/INFO]: Preparing spawn area: 0%
[15:14:07] [Worker-Main-1/INFO]: Preparing spawn area: 0%
[15:14:07] [Worker-Main-1/INFO]: Preparing spawn area: 0%
[15:14:07] [Worker-Main-2/INFO]: Preparing spawn area: 0%
[15:14:08] [Worker-Main-1/INFO]: Preparing spawn area: 0%
[15:14:08] [Worker-Main-1/INFO]: Preparing spawn area: 12%
[15:14:09] [Worker-Main-3/INFO]: Preparing spawn area: 57%
[15:14:09] [Server thread/INFO]: Time elapsed: 7064 ms
[15:14:09] [Server thread/INFO]: Done (10.478s)! For help, type "help"
[15:14:10] [Server thread/INFO]: biazzi[/10.147.17.120:51705] logged in with entity id 202 at (86.35739766134935, 117.25220334025373, 95.4809440673151)
[15:14:10] [Server thread/INFO]: biazzi joined the game
[15:14:10] [Server thread/INFO]: Matt-Exe01[/10.147.17.96:52371] logged in with entity id 203 at (62.994651981941466, -35.0, 295.45482344410937)
[15:14:10] [Server thread/INFO]: Matt-Exe01 joined the game
[15:14:13] [Server thread/WARN]: Can't keep up! Is the server overloaded? Running 2044ms or 40 ticks behind
[15:14:17] [Server thread/WARN]: UUID of added entity already exists: brz['Pig'/328, l='ServerLevel[world]', x=173.75, y=107.00, z=-17.50]
[15:14:22] [Server thread/WARN]: UUID of added entity already exists: bse['Sheep'/375, l='ServerLevel[world]', x=242.82, y=133.00, z=281.45]
[15:14:22] [Server thread/WARN]: UUID of added entity already exists: btd['Goat'/377, l='ServerLevel[world]', x=247.04, y=175.00, z=42.97]
[15:14:36] [Server thread/INFO]: MAX13666[/10.147.17.230:57219] logged in with entity id 417 at (-17.600686066608166, 119.0, 47.56896740244817)
[15:14:36] [Server thread/INFO]: MAX13666 joined the game
[15:14:43] [Server thread/INFO]: Stopping the server
[15:14:43] [Server thread/INFO]: Stopping server
[15:14:43] [Server thread/INFO]: Saving players
[15:14:43] [Server thread/INFO]: biazzi lost connection: Server closed
[15:14:43] [Server thread/INFO]: biazzi left the game
[15:14:43] [Server thread/INFO]: Saving worlds
[15:14:45] [Server thread/INFO]: Saving chunks for level 'ServerLevel[world]'/minecraft:overworld
[15:14:53] [Server thread/INFO]: Saving chunks for level 'ServerLevel[world]'/minecraft:the_end
[15:14:53] [Server thread/INFO]: Saving chunks for level 'ServerLevel[world]'/minecraft:the_nether
[15:14:53] [Server thread/INFO]: ThreadedAnvilChunkStorage (world): All chunks are saved
[15:14:53] [Server thread/INFO]: ThreadedAnvilChunkStorage (DIM1): All chunks are saved
[15:14:53] [Server thread/INFO]: ThreadedAnvilChunkStorage (DIM-1): All chunks are saved
[15:14:53] [Server thread/INFO]: ThreadedAnvilChunkStorage: All dimensions are saved
